<?xml version="1.0" encoding="UTF-8"?>
<testsuite name="ru.otus.dataprocessor.ProcessorTest" tests="1" skipped="0" failures="0" errors="0" timestamp="2022-08-29T11:13:24" hostname="DESKTOP-C6Q7FDB" time="0.237">
  <properties/>
  <testcase name="Из файла читается json, обрабатывается, результат сериализуется в строку" classname="ru.otus.dataprocessor.ProcessorTest" time="0.237"/>
  <system-out><![CDATA[C:\Users\1NsomN1a\AppData\Local\Temp\junit9820405362063791422
]]></system-out>
  <system-err><![CDATA[]]></system-err>
</testsuite>
